* using log directory 'C:/Users/home/Documents/JOHNS HOPKINS!/2012/MODELLING/jtan2110242012.git/my1rpack.Rcheck'
* using R version 2.15.1 (2012-06-22)
* using platform: x86_64-pc-mingw32 (64-bit)
* using session charset: ISO8859-1
* checking for file 'my1rpack/DESCRIPTION' ... OK
* checking extension type ... Package
* this is package 'my1rpack' version '1.0'
* checking package namespace information ... OK
* checking package dependencies ... OK
* checking if this is a source package ... OK
* checking if there is a namespace ... OK
* checking for .dll and .exe files ... OK
* checking whether package 'my1rpack' can be installed ... OK
* checking installed package size ... OK
* checking package directory ... OK
* checking for portable file names ... OK
* checking DESCRIPTION meta-information ... OK
* checking top-level files ... OK
* checking index information ... OK
* checking package subdirectories ... OK
* checking R files for non-ASCII characters ... OK
* checking R files for syntax errors ... OK
* checking whether the package can be loaded ... OK
* checking whether the package can be loaded with stated dependencies ... OK
* checking whether the package can be unloaded cleanly ... OK
* checking whether the namespace can be loaded with stated dependencies ... OK
* checking whether the namespace can be unloaded cleanly ... OK
* checking for unstated dependencies in R code ... OK
* checking S3 generic/method consistency ... OK
* checking replacement functions ... OK
* checking foreign function calls ... OK
* checking R code for possible problems ... OK
* checking Rd files ... NOTE
prepare_Rd: my1rpack.Rd:15: Dropping empty section \examples
prepare_Rd: problem1.Rd:18: Dropping empty section \details
prepare_Rd: problem1.Rd:23: Dropping empty section \references
prepare_Rd: problem1.Rd:28: Dropping empty section \seealso
* checking Rd metadata ... OK
* checking Rd cross-references ... OK
* checking for missing documentation entries ... OK
* checking for code/documentation mismatches ... OK
* checking Rd \usage sections ... OK
* checking Rd contents ... OK
* checking for unstated dependencies in examples ... OK
* checking contents of 'data' directory ... OK
* checking data for non-ASCII characters ... OK
* checking data for ASCII and uncompressed saves ... OK
* checking examples ... ERROR
Running examples in 'my1rpack-Ex.R' failed
The error most likely occurred in:

> ### Name: problem1
> ### Title: Solution to Problem 1
> ### Aliases: problem1
> ### Keywords: ~kwd1 ~kwd2
> 
> ### ** Examples
> 
> problem1('demo',dnorm, c(-5,5), 100, T)
Creating temporary TikZ metrics dictionary at:
	C:\Users\home\AppData\Local\Temp\RtmpiC5NmM/tikzMetricsDictionary
Warning in file(texLog, "r") :
  cannot open file 'C:\Users\home\AppData\Local\Temp\RtmpiC5NmM/tikzStringWidthCalc.log': No such file or directory
Error in file(texLog, "r") : cannot open the connection
Warning in file(texLog, "r") :
  cannot open file 'C:\Users\home\AppData\Local\Temp\RtmpiC5NmM/tikzStringWidthCalc.log': No such file or directory
Error in file(texLog, "r") : cannot open the connection
Calls: problem1 ... Axis.default -> axis -> <Anonymous> -> getMetricsFromLatex -> file
Execution halted
